<?xml version="1.0" encoding="UTF-8"?>
<testng-results skipped="0" failed="0" ignored="0" total="3" passed="3">
  <reporter-output>
  </reporter-output>
  <suite name="My Maven Project Automation" duration-ms="55871" started-at="2019-09-03T05:44:11Z" finished-at="2019-09-03T05:45:06Z">
    <groups>
    </groups>
    <test name="Rediff Mail Test Cases" duration-ms="55871" started-at="2019-09-03T05:44:11Z" finished-at="2019-09-03T05:45:06Z">
      <class name="com.rediff.qa.test.HomePageTest">
        <test-method status="PASS" signature="setup()[pri:0, instance:com.rediff.qa.test.HomePageTest@2096442d]" name="setup" is-config="true" duration-ms="17075" started-at="2019-09-03T05:44:11Z" finished-at="2019-09-03T05:44:28Z">
          <reporter-output>
          </reporter-output>
        </test-method> <!-- setup -->
        <test-method status="PASS" signature="checkHomePageTitleTest()[pri:1, instance:com.rediff.qa.test.HomePageTest@2096442d]" name="checkHomePageTitleTest" duration-ms="14" started-at="2019-09-03T05:44:28Z" finished-at="2019-09-03T05:44:28Z">
          <reporter-output>
          </reporter-output>
        </test-method> <!-- checkHomePageTitleTest -->
        <test-method status="PASS" signature="shutdown()[pri:0, instance:com.rediff.qa.test.HomePageTest@2096442d]" name="shutdown" is-config="true" duration-ms="2230" started-at="2019-09-03T05:44:28Z" finished-at="2019-09-03T05:44:30Z">
          <reporter-output>
          </reporter-output>
        </test-method> <!-- shutdown -->
        <test-method status="PASS" signature="setup()[pri:0, instance:com.rediff.qa.test.HomePageTest@2096442d]" name="setup" is-config="true" duration-ms="14730" started-at="2019-09-03T05:44:30Z" finished-at="2019-09-03T05:44:45Z">
          <reporter-output>
          </reporter-output>
        </test-method> <!-- setup -->
        <test-method status="PASS" signature="checkHomePageLogo()[pri:2, instance:com.rediff.qa.test.HomePageTest@2096442d]" name="checkHomePageLogo" duration-ms="74" started-at="2019-09-03T05:44:45Z" finished-at="2019-09-03T05:44:45Z">
          <reporter-output>
          </reporter-output>
        </test-method> <!-- checkHomePageLogo -->
        <test-method status="PASS" signature="shutdown()[pri:0, instance:com.rediff.qa.test.HomePageTest@2096442d]" name="shutdown" is-config="true" duration-ms="2097" started-at="2019-09-03T05:44:45Z" finished-at="2019-09-03T05:44:47Z">
          <reporter-output>
          </reporter-output>
        </test-method> <!-- shutdown -->
        <test-method status="PASS" signature="setup()[pri:0, instance:com.rediff.qa.test.HomePageTest@2096442d]" name="setup" is-config="true" duration-ms="13896" started-at="2019-09-03T05:44:47Z" finished-at="2019-09-03T05:45:01Z">
          <reporter-output>
          </reporter-output>
        </test-method> <!-- setup -->
        <test-method status="PASS" signature="goToLoginPage()[pri:3, instance:com.rediff.qa.test.HomePageTest@2096442d]" name="goToLoginPage" duration-ms="3585" started-at="2019-09-03T05:45:01Z" finished-at="2019-09-03T05:45:04Z">
          <reporter-output>
          </reporter-output>
        </test-method> <!-- goToLoginPage -->
        <test-method status="PASS" signature="shutdown()[pri:0, instance:com.rediff.qa.test.HomePageTest@2096442d]" name="shutdown" is-config="true" duration-ms="2140" started-at="2019-09-03T05:45:04Z" finished-at="2019-09-03T05:45:06Z">
          <reporter-output>
          </reporter-output>
        </test-method> <!-- shutdown -->
      </class> <!-- com.rediff.qa.test.HomePageTest -->
    </test> <!-- Rediff Mail Test Cases -->
  </suite> <!-- My Maven Project Automation -->
</testng-results>
