<?xml version="1.0" encoding="UTF-8"?>
<testsuite xmlns:xsi="http://www.w3.org/2001/XMLSchema-instance" xsi:noNamespaceSchemaLocation="https://maven.apache.org/surefire/maven-surefire-plugin/xsd/surefire-test-report-3.0.xsd" version="3.0" name="TestSuite" time="57.062" tests="3" errors="0" skipped="0" failures="0">
  <properties>
[...]
</properties>
  <testcase name="checkHomePageTitleTest" classname="com.rediff.qa.test.HomePageTest" time="0.015"/>
  <testcase name="checkHomePageLogo" classname="com.rediff.qa.test.HomePageTest" time="0.074"/>
  <testcase name="goToLoginPage" classname="com.rediff.qa.test.HomePageTest" time="3.597"/>
</testsuite>