<?xml version="1.0" encoding="UTF-8"?>
<testng-results skipped="0" failed="0" ignored="0" total="3" passed="3">
  <reporter-output>
  </reporter-output>
  <suite name="My Maven Project Automation" duration-ms="38550" started-at="2019-09-03T21:34:04 IST" finished-at="2019-09-03T21:34:43 IST">
    <groups>
    </groups>
    <test name="Rediff Mail Test Cases" duration-ms="38550" started-at="2019-09-03T21:34:04 IST" finished-at="2019-09-03T21:34:43 IST">
      <class name="com.rediff.qa.test.HomePageTest">
        <test-method status="PASS" signature="setup()[pri:0, instance:com.rediff.qa.test.HomePageTest@12cdcf4]" name="setup" is-config="true" duration-ms="10256" started-at="2019-09-03T21:34:04 IST" finished-at="2019-09-03T21:34:15 IST">
          <reporter-output>
          </reporter-output>
        </test-method> <!-- setup -->
        <test-method status="PASS" signature="checkHomePageTitleTest()[pri:1, instance:com.rediff.qa.test.HomePageTest@12cdcf4]" name="checkHomePageTitleTest" duration-ms="37" started-at="2019-09-03T21:34:15 IST" finished-at="2019-09-03T21:34:15 IST">
          <reporter-output>
          </reporter-output>
        </test-method> <!-- checkHomePageTitleTest -->
        <test-method status="PASS" signature="shutdown()[pri:0, instance:com.rediff.qa.test.HomePageTest@12cdcf4]" name="shutdown" is-config="true" duration-ms="2202" started-at="2019-09-03T21:34:15 IST" finished-at="2019-09-03T21:34:17 IST">
          <reporter-output>
          </reporter-output>
        </test-method> <!-- shutdown -->
        <test-method status="PASS" signature="setup()[pri:0, instance:com.rediff.qa.test.HomePageTest@12cdcf4]" name="setup" is-config="true" duration-ms="10302" started-at="2019-09-03T21:34:17 IST" finished-at="2019-09-03T21:34:27 IST">
          <reporter-output>
          </reporter-output>
        </test-method> <!-- setup -->
        <test-method status="PASS" signature="checkHomePageLogo()[pri:2, instance:com.rediff.qa.test.HomePageTest@12cdcf4]" name="checkHomePageLogo" duration-ms="96" started-at="2019-09-03T21:34:27 IST" finished-at="2019-09-03T21:34:27 IST">
          <reporter-output>
          </reporter-output>
        </test-method> <!-- checkHomePageLogo -->
        <test-method status="PASS" signature="shutdown()[pri:0, instance:com.rediff.qa.test.HomePageTest@12cdcf4]" name="shutdown" is-config="true" duration-ms="2090" started-at="2019-09-03T21:34:27 IST" finished-at="2019-09-03T21:34:29 IST">
          <reporter-output>
          </reporter-output>
        </test-method> <!-- shutdown -->
        <test-method status="PASS" signature="setup()[pri:0, instance:com.rediff.qa.test.HomePageTest@12cdcf4]" name="setup" is-config="true" duration-ms="10126" started-at="2019-09-03T21:34:29 IST" finished-at="2019-09-03T21:34:39 IST">
          <reporter-output>
          </reporter-output>
        </test-method> <!-- setup -->
        <test-method status="PASS" signature="goToLoginPage()[pri:3, instance:com.rediff.qa.test.HomePageTest@12cdcf4]" name="goToLoginPage" duration-ms="1108" started-at="2019-09-03T21:34:39 IST" finished-at="2019-09-03T21:34:40 IST">
          <reporter-output>
          </reporter-output>
        </test-method> <!-- goToLoginPage -->
        <test-method status="PASS" signature="shutdown()[pri:0, instance:com.rediff.qa.test.HomePageTest@12cdcf4]" name="shutdown" is-config="true" duration-ms="2284" started-at="2019-09-03T21:34:40 IST" finished-at="2019-09-03T21:34:43 IST">
          <reporter-output>
          </reporter-output>
        </test-method> <!-- shutdown -->
      </class> <!-- com.rediff.qa.test.HomePageTest -->
    </test> <!-- Rediff Mail Test Cases -->
  </suite> <!-- My Maven Project Automation -->
</testng-results>
