<?xml version="1.0" encoding="UTF-8"?>
<!-- Generated by org.testng.reporters.JUnitXMLReporter -->
<testsuite hostname="EQ-EQ6283006" ignored="0" name="Rediff Mail Test Cases" tests="3" failures="0" timestamp="03 Sep 2019 05:45:06 GMT" time="55.871" errors="0">
  <testcase name="checkHomePageTitleTest" time="0.014" classname="com.rediff.qa.test.HomePageTest"/>
  <testcase name="checkHomePageLogo" time="0.074" classname="com.rediff.qa.test.HomePageTest"/>
  <testcase name="goToLoginPage" time="3.585" classname="com.rediff.qa.test.HomePageTest"/>
</testsuite> <!-- Rediff Mail Test Cases -->
