<?xml version="1.0" encoding="UTF-8"?>
<!-- Generated by org.testng.reporters.JUnitXMLReporter -->
<testsuite hostname="EQ-EQ6283006" ignored="0" name="Rediff Mail Test Cases" tests="3" failures="0" timestamp="2019-09-03T21:34:43 IST" time="38.55" errors="0">
  <testcase name="checkHomePageTitleTest" time="0.037" classname="com.rediff.qa.test.HomePageTest"/>
  <testcase name="checkHomePageLogo" time="0.096" classname="com.rediff.qa.test.HomePageTest"/>
  <testcase name="goToLoginPage" time="1.108" classname="com.rediff.qa.test.HomePageTest"/>
</testsuite> <!-- Rediff Mail Test Cases -->
